<?xml version="1.0" ?>
<coverage version="7.11.0" timestamp="1761723723889" lines-valid="7" lines-covered="0" line-rate="0" branches-covered="0" branches-valid="0" branch-rate="0" complexity="0">
	<!-- Generated by coverage.py: https://coverage.readthedocs.io/en/7.11.0 -->
	<!-- Based on https://raw.githubusercontent.com/cobertura/web/master/htdocs/xml/coverage-04.dtd -->
	<sources>
		<source>/home/bs01083/_work/AI_agent/app</source>
	</sources>
	<packages>
		<package name="utils.prompts" line-rate="0" branch-rate="0" complexity="0">
			<classes>
				<class name="agent_prompts.py" filename="utils/prompts/agent_prompts.py" complexity="0" line-rate="0" branch-rate="0">
					<methods/>
					<lines>
						<line number="3" hits="0"/>
						<line number="27" hits="0"/>
						<line number="42" hits="0"/>
						<line number="60" hits="0"/>
					</lines>
				</class>
				<class name="tool_prompts.py" filename="utils/prompts/tool_prompts.py" complexity="0" line-rate="0" branch-rate="0">
					<methods/>
					<lines>
						<line number="3" hits="0"/>
						<line number="17" hits="0"/>
						<line number="32" hits="0"/>
					</lines>
				</class>
			</classes>
		</package>
	</packages>
</coverage>
